INFO:20250620-155944:WDNDataset instance with name: Train
INFO:20250620-155944:Input Data: node
DEBUG:20250620-155944:Input Data shape: (100, 11, 2)

DEBUG:20250620-155944:Mapped node indices: {'10': 0, '11': 1, '12': 2, '13': 3, '2': 10, '21': 4, '22': 5, '23': 6, '31': 7, '32': 8, '9': 9}

DEBUG:20250620-155944:Elements to keep: ['10', '11', '12', '13', '2', '21', '22', '23', '31', '32', '9']
DEBUG:20250620-155944:(INPUT) Keep node indices: [0, 1, 2, 3, 10, 4, 5, 6, 7, 8, 9]

DEBUG:20250620-155944:(INPUT) Keep node feature indices: [0]

INFO:20250620-155944:Output Data: node
DEBUG:20250620-155944:Node Output Data shape: (100, 11, 1)

DEBUG:20250620-155944:(OUTPUT) Keep node indices: [0, 1, 2, 3, 10, 4, 5, 6, 7, 8, 9]

DEBUG:20250620-155944:(OUTPUT) Keep node feature indices: [0]

DEBUG:20250620-155944:Flatten array len: 2200

DEBUG:20250620-155944:Flatten array MEAN: 73.26575469970703

DEBUG:20250620-155944:Flatten array STD: 30.980966567993164

DEBUG:20250620-155944:Flatten array MIN: 0.0

DEBUG:20250620-155944:Flatten array MAX: 131.18748474121094

DEBUG:20250620-155944:static_edge_index.shape: (2, 26)

DEBUG:20250620-155944:x.shape: torch.Size([11, 1])

DEBUG:20250620-155944:y.shape: torch.Size([11, 1])

DEBUG:20250620-155944:edge_attr.shape: None

DEBUG:20250620-155944:Last data object: Data(x=[11, 1], edge_index=<zarr.core.Array (2, 26) int64 read-only>, y=[11, 1])
INFO:20250620-155944:WDNDataset instance with name: Validation
INFO:20250620-155944:Input Data: node
DEBUG:20250620-155944:Input Data shape: (50, 11, 2)

DEBUG:20250620-155944:Mapped node indices: {'10': 0, '11': 1, '12': 2, '13': 3, '2': 10, '21': 4, '22': 5, '23': 6, '31': 7, '32': 8, '9': 9}

DEBUG:20250620-155944:Elements to keep: ['10', '11', '12', '13', '2', '21', '22', '23', '31', '32', '9']
DEBUG:20250620-155944:(INPUT) Keep node indices: [0, 1, 2, 3, 10, 4, 5, 6, 7, 8, 9]

DEBUG:20250620-155944:(INPUT) Keep node feature indices: [0]

INFO:20250620-155944:Output Data: node
DEBUG:20250620-155944:Node Output Data shape: (50, 11, 1)

DEBUG:20250620-155944:(OUTPUT) Keep node indices: [0, 1, 2, 3, 10, 4, 5, 6, 7, 8, 9]

DEBUG:20250620-155944:(OUTPUT) Keep node feature indices: [0]

DEBUG:20250620-155944:static_edge_index.shape: (2, 26)

DEBUG:20250620-155944:x.shape: torch.Size([11, 1])

DEBUG:20250620-155944:y.shape: torch.Size([11, 1])

DEBUG:20250620-155944:edge_attr.shape: None

DEBUG:20250620-155944:Last data object: Data(x=[11, 1], edge_index=<zarr.core.Array (2, 26) int64 read-only>, y=[11, 1])
INFO:20250620-155944:WDNDataset instance with name: Test
INFO:20250620-155944:Input Data: node
DEBUG:20250620-155944:Input Data shape: (50, 11, 2)

DEBUG:20250620-155944:Mapped node indices: {'10': 0, '11': 1, '12': 2, '13': 3, '2': 10, '21': 4, '22': 5, '23': 6, '31': 7, '32': 8, '9': 9}

DEBUG:20250620-155944:Elements to keep: ['10', '11', '12', '13', '2', '21', '22', '23', '31', '32', '9']
DEBUG:20250620-155944:(INPUT) Keep node indices: [0, 1, 2, 3, 10, 4, 5, 6, 7, 8, 9]

DEBUG:20250620-155944:(INPUT) Keep node feature indices: [0]

INFO:20250620-155944:Output Data: node
DEBUG:20250620-155944:Node Output Data shape: (50, 11, 1)

DEBUG:20250620-155944:(OUTPUT) Keep node indices: [0, 1, 2, 3, 10, 4, 5, 6, 7, 8, 9]

DEBUG:20250620-155944:(OUTPUT) Keep node feature indices: [0]

DEBUG:20250620-155944:static_edge_index.shape: (2, 26)

DEBUG:20250620-155944:x.shape: torch.Size([11, 1])

DEBUG:20250620-155944:y.shape: torch.Size([11, 1])

DEBUG:20250620-155944:edge_attr.shape: None

DEBUG:20250620-155944:Last data object: Data(x=[11, 1], edge_index=<zarr.core.Array (2, 26) int64 read-only>, y=[11, 1])
INFO:20250620-155944:Selected model: gcnconv_simple_16h
INFO:20250620-155944:Selected optimizer: adam_lr001
INFO:20250620-155944:Selected loss function: MSE
INFO:20250620-155944:================================================================================
INFO:20250620-155944:Starting Model Training
INFO:20250620-155944:================================================================================
INFO:20250620-155944:================================================================================
INFO:20250620-155944:Starting Model Testing
INFO:20250620-155944:================================================================================
INFO:20250620-155944:Average Test Loss: 0.8031314834952354
